<?xml version="1.0" encoding="UTF-8"?>
<!-- Generated by org.testng.reporters.JUnitXMLReporter -->
<testsuite ignored="2" hostname="DESKTOP-95G1362" failures="0" tests="1" name="Default test" time="18.998" errors="0" timestamp="2022-12-23T13:15:36 CET">
  <testcase classname="testCases.accountTests" name="checkPasswordConfirmPass" time="3.391"/>
  <testcase classname="testCases.accountTests" name="checkAccountReview" time="0.0">
    <ignored/>
  </testcase> <!-- checkAccountReview -->
  <testcase classname="testCases.accountTests" name="checkPasswordChange" time="0.0">
    <ignored/>
  </testcase> <!-- checkPasswordChange -->
</testsuite> <!-- Default test -->
