<?xml version="1.0" encoding="UTF-8"?>
<testng-results ignored="2" total="3" passed="1" failed="0" skipped="0">
  <reporter-output>
  </reporter-output>
  <suite started-at="2022-12-23T13:15:17 CET" name="Default suite" finished-at="2022-12-23T13:15:36 CET" duration-ms="18998">
    <groups>
    </groups>
    <test started-at="2022-12-23T13:15:17 CET" name="Default test" finished-at="2022-12-23T13:15:36 CET" duration-ms="18998">
      <class name="testCases.accountTests">
        <test-method is-config="true" signature="start()[pri:0, instance:testCases.accountTests@d29f28]" started-at="2022-12-23T13:15:17 CET" name="start" finished-at="2022-12-23T13:15:29 CET" duration-ms="12270" status="PASS">
          <reporter-output>
          </reporter-output>
        </test-method> <!-- start -->
        <test-method signature="checkPasswordConfirmPass()[pri:0, instance:testCases.accountTests@d29f28]" started-at="2022-12-23T13:15:29 CET" name="checkPasswordConfirmPass" finished-at="2022-12-23T13:15:33 CET" duration-ms="3391" status="PASS">
          <reporter-output>
          </reporter-output>
        </test-method> <!-- checkPasswordConfirmPass -->
        <test-method is-config="true" signature="end()[pri:0, instance:testCases.accountTests@d29f28]" started-at="2022-12-23T13:15:33 CET" name="end" finished-at="2022-12-23T13:15:36 CET" duration-ms="3270" status="PASS">
          <reporter-output>
          </reporter-output>
        </test-method> <!-- end -->
      </class> <!-- testCases.accountTests -->
    </test> <!-- Default test -->
  </suite> <!-- Default suite -->
</testng-results>
